  [1m[35m (2.4ms)[0m  [1m[35mSET NAMES utf8,  @@SESSION.sql_mode = CONCAT(CONCAT(@@sql_mode, ',STRICT_ALL_TABLES'), ',NO_AUTO_VALUE_ON_ZERO'),  @@SESSION.sql_auto_is_null = 0, @@SESSION.wait_timeout = 2147483[0m
  ↳ /usr/local/rbenv/versions/2.4.4/bin/rake:23
  [1m[35m (1.0ms)[0m  [1m[35mCREATE DATABASE `Rails_development` DEFAULT CHARACTER SET `utf8`[0m
  ↳ /usr/local/rbenv/versions/2.4.4/bin/rake:23
  [1m[35m (0.3ms)[0m  [1m[35mSET NAMES utf8,  @@SESSION.sql_mode = CONCAT(CONCAT(@@sql_mode, ',STRICT_ALL_TABLES'), ',NO_AUTO_VALUE_ON_ZERO'),  @@SESSION.sql_auto_is_null = 0, @@SESSION.wait_timeout = 2147483[0m
  ↳ /usr/local/rbenv/versions/2.4.4/bin/rake:23
  [1m[35m (0.4ms)[0m  [1m[35mCREATE DATABASE `Rails_test` DEFAULT CHARACTER SET `utf8`[0m
  ↳ /usr/local/rbenv/versions/2.4.4/bin/rake:23
  [1m[35m (0.3ms)[0m  [1m[35mSET NAMES utf8,  @@SESSION.sql_mode = CONCAT(CONCAT(@@sql_mode, ',STRICT_ALL_TABLES'), ',NO_AUTO_VALUE_ON_ZERO'),  @@SESSION.sql_auto_is_null = 0, @@SESSION.wait_timeout = 2147483[0m
  ↳ /usr/local/rbenv/versions/2.4.4/bin/rake:23
  [1m[35m (0.4ms)[0m  [1m[35mCREATE DATABASE `Rails_development` DEFAULT CHARACTER SET `utf8`[0m
  ↳ /usr/local/rbenv/versions/2.4.4/bin/rake:23
  [1m[35m (0.5ms)[0m  [1m[35mSET NAMES utf8,  @@SESSION.sql_mode = CONCAT(CONCAT(@@sql_mode, ',STRICT_ALL_TABLES'), ',NO_AUTO_VALUE_ON_ZERO'),  @@SESSION.sql_auto_is_null = 0, @@SESSION.wait_timeout = 2147483[0m
  ↳ /usr/local/rbenv/versions/2.4.4/bin/rake:23
  [1m[35m (0.6ms)[0m  [1m[35mCREATE DATABASE `Rails_test` DEFAULT CHARACTER SET `utf8`[0m
  ↳ /usr/local/rbenv/versions/2.4.4/bin/rake:23
  [1m[35m (0.4ms)[0m  [1m[35mSET NAMES utf8,  @@SESSION.sql_mode = CONCAT(CONCAT(@@sql_mode, ',STRICT_ALL_TABLES'), ',NO_AUTO_VALUE_ON_ZERO'),  @@SESSION.sql_auto_is_null = 0, @@SESSION.wait_timeout = 2147483[0m
  ↳ /usr/local/rbenv/versions/2.4.4/bin/rake:23
  [1m[35m (7.7ms)[0m  [1m[35mCREATE TABLE `schema_migrations` (`version` varchar(255) NOT NULL PRIMARY KEY)[0m
  ↳ /usr/local/rbenv/versions/2.4.4/bin/rake:23
  [1m[35m (6.4ms)[0m  [1m[35mCREATE TABLE `ar_internal_metadata` (`key` varchar(255) NOT NULL PRIMARY KEY, `value` varchar(255), `created_at` datetime NOT NULL, `updated_at` datetime NOT NULL)[0m
  ↳ /usr/local/rbenv/versions/2.4.4/bin/rake:23
  [1m[35m (0.2ms)[0m  [1m[34mSELECT GET_LOCK('6064727582314660140', 0)[0m
  ↳ /usr/local/rbenv/versions/2.4.4/bin/rake:23
  [1m[35m (0.4ms)[0m  [1m[34mSELECT `schema_migrations`.`version` FROM `schema_migrations` ORDER BY `schema_migrations`.`version` ASC[0m
  ↳ /usr/local/rbenv/versions/2.4.4/bin/rake:23
  [1m[36mActiveRecord::InternalMetadata Load (0.5ms)[0m  [1m[34mSELECT  `ar_internal_metadata`.* FROM `ar_internal_metadata` WHERE `ar_internal_metadata`.`key` = 'environment' LIMIT 1[0m
  ↳ /usr/local/rbenv/versions/2.4.4/bin/rake:23
  [1m[35m (0.5ms)[0m  [1m[35mBEGIN[0m
  ↳ /usr/local/rbenv/versions/2.4.4/bin/rake:23
  [1m[36mActiveRecord::InternalMetadata Create (0.5ms)[0m  [1m[32mINSERT INTO `ar_internal_metadata` (`key`, `value`, `created_at`, `updated_at`) VALUES ('environment', 'development', '2019-09-19 09:44:24', '2019-09-19 09:44:24')[0m
  ↳ /usr/local/rbenv/versions/2.4.4/bin/rake:23
  [1m[35m (1.7ms)[0m  [1m[35mCOMMIT[0m
  ↳ /usr/local/rbenv/versions/2.4.4/bin/rake:23
  [1m[35m (0.3ms)[0m  [1m[34mSELECT RELEASE_LOCK('6064727582314660140')[0m
  ↳ /usr/local/rbenv/versions/2.4.4/bin/rake:23
  [1m[35m (0.4ms)[0m  [1m[34mSELECT `schema_migrations`.`version` FROM `schema_migrations` ORDER BY `schema_migrations`.`version` ASC[0m
  ↳ /usr/local/rbenv/versions/2.4.4/bin/rake:23
